have_library: checking for xmlParseDoc() in -lxml2... -------------------- yes

"gcc -o conftest -I/usr/local/include/ruby-1.9.1/i686-linux -I/usr/local/include/ruby-1.9.1/ruby/backward -I/usr/local/include/ruby-1.9.1 -I.  -D_FILE_OFFSET_BITS=64   -O2 -g -Wall -Wno-parentheses -DUSE_ERROR_HANDLER conftest.c  -L. -L/usr/local/lib -Wl,-R/usr/local/lib -L.  -rdynamic -Wl,-export-dynamic     -Wl,-R -Wl,/usr/local/lib -L/usr/local/lib -lruby-static  -lpthread -lrt -ldl -lcrypt -lm   -lc"
checked program was:
/* begin */
1: #include "ruby.h"
2: 
3: int main() {return 0;}
/* end */

"gcc -o conftest -I/usr/local/include/ruby-1.9.1/i686-linux -I/usr/local/include/ruby-1.9.1/ruby/backward -I/usr/local/include/ruby-1.9.1 -I.  -D_FILE_OFFSET_BITS=64   -O2 -g -Wall -Wno-parentheses -DUSE_ERROR_HANDLER conftest.c  -L. -L/usr/local/lib -Wl,-R/usr/local/lib -L.  -rdynamic -Wl,-export-dynamic     -Wl,-R -Wl,/usr/local/lib -L/usr/local/lib -lruby-static -lxml2  -lpthread -lrt -ldl -lcrypt -lm   -lc"
conftest.c: In function ‘t’:
conftest.c:5: error: ‘xmlParseDoc’ undeclared (first use in this function)
conftest.c:5: error: (Each undeclared identifier is reported only once
conftest.c:5: error: for each function it appears in.)
checked program was:
/* begin */
1: #include "ruby.h"
2: 
3: /*top*/
4: int main() {return 0;}
5: int t() { void ((*volatile p)()); p = (void ((*)()))xmlParseDoc; return 0; }
/* end */

"gcc -o conftest -I/usr/local/include/ruby-1.9.1/i686-linux -I/usr/local/include/ruby-1.9.1/ruby/backward -I/usr/local/include/ruby-1.9.1 -I.  -D_FILE_OFFSET_BITS=64   -O2 -g -Wall -Wno-parentheses -DUSE_ERROR_HANDLER conftest.c  -L. -L/usr/local/lib -Wl,-R/usr/local/lib -L.  -rdynamic -Wl,-export-dynamic     -Wl,-R -Wl,/usr/local/lib -L/usr/local/lib -lruby-static -lxml2  -lpthread -lrt -ldl -lcrypt -lm   -lc"
conftest.c: In function ‘t’:
conftest.c:5: warning: implicit declaration of function ‘xmlParseDoc’
checked program was:
/* begin */
1: #include "ruby.h"
2: 
3: /*top*/
4: int main() {return 0;}
5: int t() { xmlParseDoc(); return 0; }
/* end */

--------------------

have_library: checking for xsltParseStylesheetFile() in -lxslt... -------------------- yes

"gcc -o conftest -I/usr/local/include/ruby-1.9.1/i686-linux -I/usr/local/include/ruby-1.9.1/ruby/backward -I/usr/local/include/ruby-1.9.1 -I.  -D_FILE_OFFSET_BITS=64   -O2 -g -Wall -Wno-parentheses -DUSE_ERROR_HANDLER conftest.c  -L. -L/usr/local/lib -Wl,-R/usr/local/lib -L.  -rdynamic -Wl,-export-dynamic    -lxml2  -Wl,-R -Wl,/usr/local/lib -L/usr/local/lib -lruby-static -lxslt -lxml2  -lpthread -lrt -ldl -lcrypt -lm   -lc"
conftest.c: In function ‘t’:
conftest.c:5: error: ‘xsltParseStylesheetFile’ undeclared (first use in this function)
conftest.c:5: error: (Each undeclared identifier is reported only once
conftest.c:5: error: for each function it appears in.)
checked program was:
/* begin */
1: #include "ruby.h"
2: 
3: /*top*/
4: int main() {return 0;}
5: int t() { void ((*volatile p)()); p = (void ((*)()))xsltParseStylesheetFile; return 0; }
/* end */

"gcc -o conftest -I/usr/local/include/ruby-1.9.1/i686-linux -I/usr/local/include/ruby-1.9.1/ruby/backward -I/usr/local/include/ruby-1.9.1 -I.  -D_FILE_OFFSET_BITS=64   -O2 -g -Wall -Wno-parentheses -DUSE_ERROR_HANDLER conftest.c  -L. -L/usr/local/lib -Wl,-R/usr/local/lib -L.  -rdynamic -Wl,-export-dynamic    -lxml2  -Wl,-R -Wl,/usr/local/lib -L/usr/local/lib -lruby-static -lxslt -lxml2  -lpthread -lrt -ldl -lcrypt -lm   -lc"
conftest.c: In function ‘t’:
conftest.c:5: warning: implicit declaration of function ‘xsltParseStylesheetFile’
checked program was:
/* begin */
1: #include "ruby.h"
2: 
3: /*top*/
4: int main() {return 0;}
5: int t() { xsltParseStylesheetFile(); return 0; }
/* end */

--------------------

have_library: checking for exsltRegisterAll() in -lexslt... -------------------- yes

"gcc -o conftest -I/usr/local/include/ruby-1.9.1/i686-linux -I/usr/local/include/ruby-1.9.1/ruby/backward -I/usr/local/include/ruby-1.9.1 -I.  -D_FILE_OFFSET_BITS=64   -O2 -g -Wall -Wno-parentheses -DUSE_ERROR_HANDLER conftest.c  -L. -L/usr/local/lib -Wl,-R/usr/local/lib -L.  -rdynamic -Wl,-export-dynamic    -lxslt -lxml2  -Wl,-R -Wl,/usr/local/lib -L/usr/local/lib -lruby-static -lexslt -lxslt -lxml2  -lpthread -lrt -ldl -lcrypt -lm   -lc"
conftest.c: In function ‘t’:
conftest.c:5: error: ‘exsltRegisterAll’ undeclared (first use in this function)
conftest.c:5: error: (Each undeclared identifier is reported only once
conftest.c:5: error: for each function it appears in.)
checked program was:
/* begin */
1: #include "ruby.h"
2: 
3: /*top*/
4: int main() {return 0;}
5: int t() { void ((*volatile p)()); p = (void ((*)()))exsltRegisterAll; return 0; }
/* end */

"gcc -o conftest -I/usr/local/include/ruby-1.9.1/i686-linux -I/usr/local/include/ruby-1.9.1/ruby/backward -I/usr/local/include/ruby-1.9.1 -I.  -D_FILE_OFFSET_BITS=64   -O2 -g -Wall -Wno-parentheses -DUSE_ERROR_HANDLER conftest.c  -L. -L/usr/local/lib -Wl,-R/usr/local/lib -L.  -rdynamic -Wl,-export-dynamic    -lxslt -lxml2  -Wl,-R -Wl,/usr/local/lib -L/usr/local/lib -lruby-static -lexslt -lxslt -lxml2  -lpthread -lrt -ldl -lcrypt -lm   -lc"
conftest.c: In function ‘t’:
conftest.c:5: warning: implicit declaration of function ‘exsltRegisterAll’
checked program was:
/* begin */
1: #include "ruby.h"
2: 
3: /*top*/
4: int main() {return 0;}
5: int t() { exsltRegisterAll(); return 0; }
/* end */

--------------------

